{"/Users/wangxi/WebstormProjects/frontend_coin/src/App.vue": {"path":"/Users/wangxi/WebstormProjects/frontend_coin/src/App.vue","statementMap":{"0":{"start":{"line":12,"column":0},"end":{"line":12,"column":null}},"1":{"start":{"line":20,"column":0},"end":{"line":20,"column":null}}},"fnMap":{"0":{"name":"(anonymous_1)","decl":{"start":{"line":19,"column":0},"end":{"line":19,"column":null}},"loc":{"start":{"line":19,"column":0},"end":{"line":23,"column":null}}}},"branchMap":{},"s":{"0":1,"1":1},"f":{"0":1},"b":{}}
,"/Users/wangxi/WebstormProjects/frontend_coin/src/utils/validator.js": {"path":"/Users/wangxi/WebstormProjects/frontend_coin/src/utils/validator.js","statementMap":{"0":{"start":{"line":2,"column":4},"end":{"line":31,"column":5}},"1":{"start":{"line":3,"column":8},"end":{"line":6,"column":10}},"2":{"start":{"line":7,"column":10},"end":{"line":31,"column":5}},"3":{"start":{"line":8,"column":8},"end":{"line":11,"column":10}},"4":{"start":{"line":12,"column":10},"end":{"line":31,"column":5}},"5":{"start":{"line":13,"column":8},"end":{"line":20,"column":9}},"6":{"start":{"line":13,"column":20},"end":{"line":13,"column":21}},"7":{"start":{"line":14,"column":12},"end":{"line":19,"column":13}},"8":{"start":{"line":15,"column":16},"end":{"line":18,"column":18}},"9":{"start":{"line":21,"column":8},"end":{"line":24,"column":10}},"10":{"start":{"line":27,"column":8},"end":{"line":30,"column":10}},"11":{"start":{"line":35,"column":4},"end":{"line":56,"column":5}},"12":{"start":{"line":36,"column":8},"end":{"line":39,"column":10}},"13":{"start":{"line":40,"column":10},"end":{"line":56,"column":5}},"14":{"start":{"line":41,"column":8},"end":{"line":44,"column":10}},"15":{"start":{"line":45,"column":10},"end":{"line":56,"column":5}},"16":{"start":{"line":46,"column":8},"end":{"line":49,"column":10}},"17":{"start":{"line":52,"column":8},"end":{"line":55,"column":10}}},"fnMap":{"0":{"name":"validateEntityName","decl":{"start":{"line":1,"column":16},"end":{"line":1,"column":34}},"loc":{"start":{"line":1,"column":69},"end":{"line":32,"column":1}},"line":1},"1":{"name":"validateEntityType","decl":{"start":{"line":34,"column":16},"end":{"line":34,"column":34}},"loc":{"start":{"line":34,"column":50},"end":{"line":57,"column":1}},"line":34}},"branchMap":{"0":{"loc":{"start":{"line":2,"column":4},"end":{"line":31,"column":5}},"type":"if","locations":[{"start":{"line":2,"column":4},"end":{"line":31,"column":5}},{"start":{"line":2,"column":4},"end":{"line":31,"column":5}}],"line":2},"1":{"loc":{"start":{"line":7,"column":10},"end":{"line":31,"column":5}},"type":"if","locations":[{"start":{"line":7,"column":10},"end":{"line":31,"column":5}},{"start":{"line":7,"column":10},"end":{"line":31,"column":5}}],"line":7},"2":{"loc":{"start":{"line":12,"column":10},"end":{"line":31,"column":5}},"type":"if","locations":[{"start":{"line":12,"column":10},"end":{"line":31,"column":5}},{"start":{"line":12,"column":10},"end":{"line":31,"column":5}}],"line":12},"3":{"loc":{"start":{"line":12,"column":14},"end":{"line":12,"column":56}},"type":"binary-expr","locations":[{"start":{"line":12,"column":14},"end":{"line":12,"column":32}},{"start":{"line":12,"column":36},"end":{"line":12,"column":56}}],"line":12},"4":{"loc":{"start":{"line":14,"column":12},"end":{"line":19,"column":13}},"type":"if","locations":[{"start":{"line":14,"column":12},"end":{"line":19,"column":13}},{"start":{"line":14,"column":12},"end":{"line":19,"column":13}}],"line":14},"5":{"loc":{"start":{"line":14,"column":15},"end":{"line":14,"column":75}},"type":"binary-expr","locations":[{"start":{"line":14,"column":15},"end":{"line":14,"column":34}},{"start":{"line":14,"column":38},"end":{"line":14,"column":75}}],"line":14},"6":{"loc":{"start":{"line":35,"column":4},"end":{"line":56,"column":5}},"type":"if","locations":[{"start":{"line":35,"column":4},"end":{"line":56,"column":5}},{"start":{"line":35,"column":4},"end":{"line":56,"column":5}}],"line":35},"7":{"loc":{"start":{"line":40,"column":10},"end":{"line":56,"column":5}},"type":"if","locations":[{"start":{"line":40,"column":10},"end":{"line":56,"column":5}},{"start":{"line":40,"column":10},"end":{"line":56,"column":5}}],"line":40},"8":{"loc":{"start":{"line":45,"column":10},"end":{"line":56,"column":5}},"type":"if","locations":[{"start":{"line":45,"column":10},"end":{"line":56,"column":5}},{"start":{"line":45,"column":10},"end":{"line":56,"column":5}}],"line":45},"9":{"loc":{"start":{"line":45,"column":14},"end":{"line":45,"column":68}},"type":"binary-expr","locations":[{"start":{"line":45,"column":14},"end":{"line":45,"column":38}},{"start":{"line":45,"column":42},"end":{"line":45,"column":68}}],"line":45}},"s":{"0":5,"1":1,"2":4,"3":1,"4":3,"5":2,"6":2,"7":5,"8":1,"9":1,"10":1,"11":0,"12":0,"13":0,"14":0,"15":0,"16":0,"17":0},"f":{"0":5,"1":0},"b":{"0":[1,4],"1":[1,3],"2":[2,1],"3":[3,3],"4":[1,4],"5":[5,5],"6":[0,0],"7":[0,0],"8":[0,0],"9":[0,0]},"_coverageSchema":"43e27e138ebf9cfc5966b082cf9a028302ed4184","hash":"aa0569455646ad5300c4dc8ba5fdcc59c7592b1d"}
}
