{"/Users/wangxi/WebstormProjects/frontend_coin/src/App.vue": {"path":"/Users/wangxi/WebstormProjects/frontend_coin/src/App.vue","statementMap":{"0":{"start":{"line":12,"column":0},"end":{"line":12,"column":null}},"1":{"start":{"line":20,"column":0},"end":{"line":20,"column":null}}},"fnMap":{"0":{"name":"(anonymous_1)","decl":{"start":{"line":19,"column":0},"end":{"line":19,"column":null}},"loc":{"start":{"line":19,"column":0},"end":{"line":23,"column":null}}}},"branchMap":{},"s":{"0":1,"1":1},"f":{"0":1},"b":{}}
,"/Users/wangxi/WebstormProjects/frontend_coin/src/api/graph.js": {"path":"/Users/wangxi/WebstormProjects/frontend_coin/src/api/graph.js","statementMap":{"0":{"start":{"line":3,"column":12},"end":{"line":5,"column":1}},"1":{"start":{"line":8,"column":2},"end":{"line":15,"column":4}},"2":{"start":{"line":22,"column":2},"end":{"line":22,"column":34}},"3":{"start":{"line":23,"column":2},"end":{"line":27,"column":4}},"4":{"start":{"line":32,"column":2},"end":{"line":32,"column":31}},"5":{"start":{"line":33,"column":2},"end":{"line":37,"column":4}},"6":{"start":{"line":42,"column":2},"end":{"line":42,"column":34}},"7":{"start":{"line":43,"column":2},"end":{"line":47,"column":4}},"8":{"start":{"line":52,"column":2},"end":{"line":52,"column":33}},"9":{"start":{"line":53,"column":2},"end":{"line":57,"column":4}},"10":{"start":{"line":62,"column":2},"end":{"line":62,"column":36}},"11":{"start":{"line":63,"column":2},"end":{"line":67,"column":4}},"12":{"start":{"line":72,"column":2},"end":{"line":72,"column":36}},"13":{"start":{"line":73,"column":2},"end":{"line":77,"column":4}},"14":{"start":{"line":82,"column":2},"end":{"line":87,"column":4}}},"fnMap":{"0":{"name":"getAllAPI","decl":{"start":{"line":7,"column":16},"end":{"line":7,"column":25}},"loc":{"start":{"line":7,"column":32},"end":{"line":16,"column":1}},"line":7},"1":{"name":"changeEntityAPI","decl":{"start":{"line":21,"column":16},"end":{"line":21,"column":31}},"loc":{"start":{"line":21,"column":38},"end":{"line":28,"column":1}},"line":21},"2":{"name":"addEntityAPI","decl":{"start":{"line":31,"column":16},"end":{"line":31,"column":28}},"loc":{"start":{"line":31,"column":35},"end":{"line":38,"column":1}},"line":31},"3":{"name":"deleteEntityAPI","decl":{"start":{"line":41,"column":16},"end":{"line":41,"column":31}},"loc":{"start":{"line":41,"column":38},"end":{"line":48,"column":1}},"line":41},"4":{"name":"addRelationAPI","decl":{"start":{"line":51,"column":16},"end":{"line":51,"column":30}},"loc":{"start":{"line":51,"column":37},"end":{"line":58,"column":1}},"line":51},"5":{"name":"changeRelationAPI","decl":{"start":{"line":61,"column":16},"end":{"line":61,"column":33}},"loc":{"start":{"line":61,"column":40},"end":{"line":68,"column":1}},"line":61},"6":{"name":"deleteRelationAPI","decl":{"start":{"line":71,"column":16},"end":{"line":71,"column":33}},"loc":{"start":{"line":71,"column":40},"end":{"line":78,"column":1}},"line":71},"7":{"name":"downloadAPI","decl":{"start":{"line":81,"column":16},"end":{"line":81,"column":27}},"loc":{"start":{"line":81,"column":34},"end":{"line":88,"column":1}},"line":81}},"branchMap":{},"s":{"0":4,"1":0,"2":0,"3":0,"4":0,"5":0,"6":0,"7":0,"8":0,"9":0,"10":0,"11":0,"12":0,"13":0,"14":0},"f":{"0":0,"1":0,"2":0,"3":0,"4":0,"5":0,"6":0,"7":0},"b":{},"_coverageSchema":"43e27e138ebf9cfc5966b082cf9a028302ed4184","hash":"2978e1fa52a3334d56590128c5ebccac7178e2c6"}
,"/Users/wangxi/WebstormProjects/frontend_coin/src/store/getters.js": {"path":"/Users/wangxi/WebstormProjects/frontend_coin/src/store/getters.js","statementMap":{"0":{"start":{"line":1,"column":14},"end":{"line":13,"column":1}},"1":{"start":{"line":2,"column":29},"end":{"line":2,"column":55}},"2":{"start":{"line":3,"column":29},"end":{"line":3,"column":55}},"3":{"start":{"line":4,"column":24},"end":{"line":4,"column":45}},"4":{"start":{"line":5,"column":18},"end":{"line":5,"column":35}},"5":{"start":{"line":6,"column":18},"end":{"line":6,"column":35}},"6":{"start":{"line":7,"column":18},"end":{"line":7,"column":35}},"7":{"start":{"line":8,"column":28},"end":{"line":8,"column":53}},"8":{"start":{"line":9,"column":28},"end":{"line":9,"column":55}},"9":{"start":{"line":10,"column":25},"end":{"line":10,"column":49}},"10":{"start":{"line":12,"column":22},"end":{"line":12,"column":42}}},"fnMap":{"0":{"name":"(anonymous_0)","decl":{"start":{"line":2,"column":20},"end":{"line":2,"column":21}},"loc":{"start":{"line":2,"column":29},"end":{"line":2,"column":55}},"line":2},"1":{"name":"(anonymous_1)","decl":{"start":{"line":3,"column":20},"end":{"line":3,"column":21}},"loc":{"start":{"line":3,"column":29},"end":{"line":3,"column":55}},"line":3},"2":{"name":"(anonymous_2)","decl":{"start":{"line":4,"column":15},"end":{"line":4,"column":16}},"loc":{"start":{"line":4,"column":24},"end":{"line":4,"column":45}},"line":4},"3":{"name":"(anonymous_3)","decl":{"start":{"line":5,"column":11},"end":{"line":5,"column":12}},"loc":{"start":{"line":5,"column":18},"end":{"line":5,"column":35}},"line":5},"4":{"name":"(anonymous_4)","decl":{"start":{"line":6,"column":11},"end":{"line":6,"column":12}},"loc":{"start":{"line":6,"column":18},"end":{"line":6,"column":35}},"line":6},"5":{"name":"(anonymous_5)","decl":{"start":{"line":7,"column":11},"end":{"line":7,"column":12}},"loc":{"start":{"line":7,"column":18},"end":{"line":7,"column":35}},"line":7},"6":{"name":"(anonymous_6)","decl":{"start":{"line":8,"column":19},"end":{"line":8,"column":20}},"loc":{"start":{"line":8,"column":28},"end":{"line":8,"column":53}},"line":8},"7":{"name":"(anonymous_7)","decl":{"start":{"line":9,"column":21},"end":{"line":9,"column":22}},"loc":{"start":{"line":9,"column":28},"end":{"line":9,"column":55}},"line":9},"8":{"name":"(anonymous_8)","decl":{"start":{"line":10,"column":18},"end":{"line":10,"column":19}},"loc":{"start":{"line":10,"column":25},"end":{"line":10,"column":49}},"line":10},"9":{"name":"(anonymous_9)","decl":{"start":{"line":12,"column":15},"end":{"line":12,"column":16}},"loc":{"start":{"line":12,"column":22},"end":{"line":12,"column":42}},"line":12}},"branchMap":{},"s":{"0":4,"1":0,"2":0,"3":0,"4":0,"5":0,"6":0,"7":0,"8":1,"9":0,"10":2},"f":{"0":0,"1":0,"2":0,"3":0,"4":0,"5":0,"6":0,"7":1,"8":0,"9":2},"b":{},"_coverageSchema":"43e27e138ebf9cfc5966b082cf9a028302ed4184","hash":"6fdcc22ed4cb62c1435118e26a2404c6069bce3a"}
,"/Users/wangxi/WebstormProjects/frontend_coin/src/store/index.js": {"path":"/Users/wangxi/WebstormProjects/frontend_coin/src/store/index.js","statementMap":{"0":{"start":{"line":7,"column":0},"end":{"line":7,"column":13}},"1":{"start":{"line":22,"column":14},"end":{"line":31,"column":2}}},"fnMap":{},"branchMap":{},"s":{"0":4,"1":4},"f":{},"b":{},"_coverageSchema":"43e27e138ebf9cfc5966b082cf9a028302ed4184","hash":"defda160eb6108286e7992a0dbbe670f51ba3da2"}
,"/Users/wangxi/WebstormProjects/frontend_coin/src/store/modules/graph.js": {"path":"/Users/wangxi/WebstormProjects/frontend_coin/src/store/modules/graph.js","statementMap":{"0":{"start":{"line":14,"column":14},"end":{"line":115,"column":1}},"1":{"start":{"line":117,"column":14},"end":{"line":288,"column":1}},"2":{"start":{"line":121,"column":12},"end":{"line":121,"column":34}},"3":{"start":{"line":124,"column":12},"end":{"line":124,"column":30}},"4":{"start":{"line":127,"column":12},"end":{"line":127,"column":30}},"5":{"start":{"line":130,"column":12},"end":{"line":130,"column":30}},"6":{"start":{"line":133,"column":12},"end":{"line":135,"column":15}},"7":{"start":{"line":134,"column":16},"end":{"line":134,"column":39}},"8":{"start":{"line":136,"column":12},"end":{"line":136,"column":40}},"9":{"start":{"line":139,"column":12},"end":{"line":141,"column":15}},"10":{"start":{"line":140,"column":16},"end":{"line":140,"column":36}},"11":{"start":{"line":142,"column":12},"end":{"line":142,"column":40}},"12":{"start":{"line":145,"column":23},"end":{"line":145,"column":24}},"13":{"start":{"line":146,"column":12},"end":{"line":151,"column":13}},"14":{"start":{"line":146,"column":22},"end":{"line":146,"column":23}},"15":{"start":{"line":147,"column":16},"end":{"line":150,"column":17}},"16":{"start":{"line":148,"column":20},"end":{"line":148,"column":29}},"17":{"start":{"line":149,"column":20},"end":{"line":149,"column":26}},"18":{"start":{"line":152,"column":12},"end":{"line":154,"column":13}},"19":{"start":{"line":153,"column":16},"end":{"line":153,"column":47}},"20":{"start":{"line":157,"column":12},"end":{"line":162,"column":13}},"21":{"start":{"line":157,"column":22},"end":{"line":157,"column":23}},"22":{"start":{"line":158,"column":16},"end":{"line":161,"column":17}},"23":{"start":{"line":159,"column":20},"end":{"line":159,"column":53}},"24":{"start":{"line":160,"column":20},"end":{"line":160,"column":26}},"25":{"start":{"line":165,"column":12},"end":{"line":171,"column":13}},"26":{"start":{"line":165,"column":22},"end":{"line":165,"column":23}},"27":{"start":{"line":166,"column":16},"end":{"line":170,"column":17}},"28":{"start":{"line":167,"column":20},"end":{"line":167,"column":61}},"29":{"start":{"line":168,"column":20},"end":{"line":168,"column":61}},"30":{"start":{"line":169,"column":20},"end":{"line":169,"column":25}},"31":{"start":{"line":174,"column":12},"end":{"line":180,"column":13}},"32":{"start":{"line":174,"column":24},"end":{"line":174,"column":25}},"33":{"start":{"line":175,"column":16},"end":{"line":179,"column":17}},"34":{"start":{"line":176,"column":20},"end":{"line":176,"column":67}},"35":{"start":{"line":177,"column":20},"end":{"line":177,"column":69}},"36":{"start":{"line":178,"column":20},"end":{"line":178,"column":26}},"37":{"start":{"line":181,"column":12},"end":{"line":188,"column":13}},"38":{"start":{"line":181,"column":24},"end":{"line":181,"column":25}},"39":{"start":{"line":182,"column":16},"end":{"line":184,"column":17}},"40":{"start":{"line":183,"column":20},"end":{"line":183,"column":68}},"41":{"start":{"line":185,"column":16},"end":{"line":187,"column":17}},"42":{"start":{"line":186,"column":20},"end":{"line":186,"column":68}},"43":{"start":{"line":191,"column":24},"end":{"line":191,"column":25}},"44":{"start":{"line":192,"column":12},"end":{"line":197,"column":13}},"45":{"start":{"line":192,"column":24},"end":{"line":192,"column":25}},"46":{"start":{"line":193,"column":16},"end":{"line":196,"column":17}},"47":{"start":{"line":194,"column":20},"end":{"line":194,"column":30}},"48":{"start":{"line":195,"column":20},"end":{"line":195,"column":26}},"49":{"start":{"line":198,"column":12},"end":{"line":198,"column":49}},"50":{"start":{"line":201,"column":12},"end":{"line":201,"column":43}},"51":{"start":{"line":204,"column":12},"end":{"line":206,"column":13}},"52":{"start":{"line":205,"column":16},"end":{"line":205,"column":49}},"53":{"start":{"line":209,"column":12},"end":{"line":209,"column":37}},"54":{"start":{"line":227,"column":22},"end":{"line":227,"column":47}},"55":{"start":{"line":228,"column":12},"end":{"line":228,"column":40}},"56":{"start":{"line":229,"column":12},"end":{"line":233,"column":13}},"57":{"start":{"line":230,"column":16},"end":{"line":230,"column":41}},"58":{"start":{"line":232,"column":16},"end":{"line":232,"column":39}},"59":{"start":{"line":236,"column":22},"end":{"line":236,"column":50}},"60":{"start":{"line":237,"column":12},"end":{"line":237,"column":28}},"61":{"start":{"line":238,"column":12},"end":{"line":242,"column":13}},"62":{"start":{"line":239,"column":16},"end":{"line":239,"column":41}},"63":{"start":{"line":241,"column":16},"end":{"line":241,"column":39}},"64":{"start":{"line":245,"column":22},"end":{"line":245,"column":50}},"65":{"start":{"line":246,"column":12},"end":{"line":250,"column":13}},"66":{"start":{"line":247,"column":16},"end":{"line":247,"column":41}},"67":{"start":{"line":249,"column":16},"end":{"line":249,"column":39}},"68":{"start":{"line":253,"column":22},"end":{"line":253,"column":49}},"69":{"start":{"line":254,"column":12},"end":{"line":258,"column":13}},"70":{"start":{"line":255,"column":16},"end":{"line":255,"column":41}},"71":{"start":{"line":257,"column":16},"end":{"line":257,"column":39}},"72":{"start":{"line":261,"column":22},"end":{"line":261,"column":52}},"73":{"start":{"line":262,"column":12},"end":{"line":266,"column":13}},"74":{"start":{"line":263,"column":16},"end":{"line":263,"column":41}},"75":{"start":{"line":265,"column":16},"end":{"line":265,"column":39}},"76":{"start":{"line":269,"column":22},"end":{"line":269,"column":52}},"77":{"start":{"line":270,"column":12},"end":{"line":274,"column":13}},"78":{"start":{"line":273,"column":16},"end":{"line":273,"column":39}},"79":{"start":{"line":277,"column":24},"end":{"line":279,"column":14}},"80":{"start":{"line":280,"column":12},"end":{"line":284,"column":13}},"81":{"start":{"line":281,"column":16},"end":{"line":281,"column":32}},"82":{"start":{"line":283,"column":16},"end":{"line":283,"column":39}}},"fnMap":{"0":{"name":"(anonymous_0)","decl":{"start":{"line":120,"column":8},"end":{"line":120,"column":9}},"loc":{"start":{"line":120,"column":31},"end":{"line":122,"column":9}},"line":120},"1":{"name":"(anonymous_1)","decl":{"start":{"line":123,"column":8},"end":{"line":123,"column":9}},"loc":{"start":{"line":123,"column":31},"end":{"line":125,"column":9}},"line":123},"2":{"name":"(anonymous_2)","decl":{"start":{"line":126,"column":8},"end":{"line":126,"column":9}},"loc":{"start":{"line":126,"column":31},"end":{"line":128,"column":9}},"line":126},"3":{"name":"(anonymous_3)","decl":{"start":{"line":129,"column":8},"end":{"line":129,"column":9}},"loc":{"start":{"line":129,"column":31},"end":{"line":131,"column":9}},"line":129},"4":{"name":"(anonymous_4)","decl":{"start":{"line":132,"column":8},"end":{"line":132,"column":9}},"loc":{"start":{"line":132,"column":40},"end":{"line":137,"column":9}},"line":132},"5":{"name":"(anonymous_5)","decl":{"start":{"line":133,"column":25},"end":{"line":133,"column":26}},"loc":{"start":{"line":133,"column":33},"end":{"line":135,"column":13}},"line":133},"6":{"name":"(anonymous_6)","decl":{"start":{"line":138,"column":8},"end":{"line":138,"column":9}},"loc":{"start":{"line":138,"column":40},"end":{"line":143,"column":9}},"line":138},"7":{"name":"(anonymous_7)","decl":{"start":{"line":139,"column":25},"end":{"line":139,"column":26}},"loc":{"start":{"line":139,"column":33},"end":{"line":141,"column":13}},"line":139},"8":{"name":"(anonymous_8)","decl":{"start":{"line":144,"column":8},"end":{"line":144,"column":9}},"loc":{"start":{"line":144,"column":38},"end":{"line":155,"column":9}},"line":144},"9":{"name":"(anonymous_9)","decl":{"start":{"line":156,"column":8},"end":{"line":156,"column":9}},"loc":{"start":{"line":156,"column":41},"end":{"line":163,"column":9}},"line":156},"10":{"name":"(anonymous_10)","decl":{"start":{"line":164,"column":8},"end":{"line":164,"column":9}},"loc":{"start":{"line":164,"column":41},"end":{"line":172,"column":9}},"line":164},"11":{"name":"(anonymous_11)","decl":{"start":{"line":173,"column":8},"end":{"line":173,"column":9}},"loc":{"start":{"line":173,"column":86},"end":{"line":189,"column":9}},"line":173},"12":{"name":"(anonymous_12)","decl":{"start":{"line":190,"column":8},"end":{"line":190,"column":9}},"loc":{"start":{"line":190,"column":56},"end":{"line":199,"column":9}},"line":190},"13":{"name":"(anonymous_13)","decl":{"start":{"line":200,"column":8},"end":{"line":200,"column":9}},"loc":{"start":{"line":200,"column":64},"end":{"line":202,"column":9}},"line":200},"14":{"name":"(anonymous_14)","decl":{"start":{"line":203,"column":8},"end":{"line":203,"column":9}},"loc":{"start":{"line":203,"column":39},"end":{"line":207,"column":9}},"line":203},"15":{"name":"(anonymous_15)","decl":{"start":{"line":208,"column":8},"end":{"line":208,"column":9}},"loc":{"start":{"line":208,"column":38},"end":{"line":210,"column":9}},"line":208},"16":{"name":"(anonymous_16)","decl":{"start":{"line":226,"column":18},"end":{"line":226,"column":19}},"loc":{"start":{"line":226,"column":41},"end":{"line":234,"column":9}},"line":226},"17":{"name":"(anonymous_17)","decl":{"start":{"line":235,"column":21},"end":{"line":235,"column":22}},"loc":{"start":{"line":235,"column":44},"end":{"line":243,"column":9}},"line":235},"18":{"name":"(anonymous_18)","decl":{"start":{"line":244,"column":21},"end":{"line":244,"column":22}},"loc":{"start":{"line":244,"column":44},"end":{"line":251,"column":9}},"line":244},"19":{"name":"(anonymous_19)","decl":{"start":{"line":252,"column":20},"end":{"line":252,"column":21}},"loc":{"start":{"line":252,"column":43},"end":{"line":259,"column":9}},"line":252},"20":{"name":"(anonymous_20)","decl":{"start":{"line":260,"column":23},"end":{"line":260,"column":24}},"loc":{"start":{"line":260,"column":46},"end":{"line":267,"column":9}},"line":260},"21":{"name":"(anonymous_21)","decl":{"start":{"line":268,"column":23},"end":{"line":268,"column":24}},"loc":{"start":{"line":268,"column":46},"end":{"line":275,"column":9}},"line":268},"22":{"name":"(anonymous_22)","decl":{"start":{"line":276,"column":22},"end":{"line":276,"column":23}},"loc":{"start":{"line":276,"column":42},"end":{"line":285,"column":9}},"line":276}},"branchMap":{"0":{"loc":{"start":{"line":147,"column":16},"end":{"line":150,"column":17}},"type":"if","locations":[{"start":{"line":147,"column":16},"end":{"line":150,"column":17}},{"start":{"line":147,"column":16},"end":{"line":150,"column":17}}],"line":147},"1":{"loc":{"start":{"line":147,"column":19},"end":{"line":147,"column":157}},"type":"binary-expr","locations":[{"start":{"line":147,"column":20},"end":{"line":147,"column":62}},{"start":{"line":147,"column":68},"end":{"line":147,"column":110}},{"start":{"line":147,"column":116},"end":{"line":147,"column":156}}],"line":147},"2":{"loc":{"start":{"line":152,"column":12},"end":{"line":154,"column":13}},"type":"if","locations":[{"start":{"line":152,"column":12},"end":{"line":154,"column":13}},{"start":{"line":152,"column":12},"end":{"line":154,"column":13}}],"line":152},"3":{"loc":{"start":{"line":158,"column":16},"end":{"line":161,"column":17}},"type":"if","locations":[{"start":{"line":158,"column":16},"end":{"line":161,"column":17}},{"start":{"line":158,"column":16},"end":{"line":161,"column":17}}],"line":158},"4":{"loc":{"start":{"line":158,"column":19},"end":{"line":158,"column":157}},"type":"binary-expr","locations":[{"start":{"line":158,"column":20},"end":{"line":158,"column":62}},{"start":{"line":158,"column":68},"end":{"line":158,"column":110}},{"start":{"line":158,"column":116},"end":{"line":158,"column":156}}],"line":158},"5":{"loc":{"start":{"line":166,"column":16},"end":{"line":170,"column":17}},"type":"if","locations":[{"start":{"line":166,"column":16},"end":{"line":170,"column":17}},{"start":{"line":166,"column":16},"end":{"line":170,"column":17}}],"line":166},"6":{"loc":{"start":{"line":166,"column":19},"end":{"line":166,"column":157}},"type":"binary-expr","locations":[{"start":{"line":166,"column":20},"end":{"line":166,"column":62}},{"start":{"line":166,"column":68},"end":{"line":166,"column":110}},{"start":{"line":166,"column":116},"end":{"line":166,"column":156}}],"line":166},"7":{"loc":{"start":{"line":173,"column":37},"end":{"line":173,"column":84}},"type":"default-arg","locations":[{"start":{"line":173,"column":44},"end":{"line":173,"column":84}}],"line":173},"8":{"loc":{"start":{"line":175,"column":16},"end":{"line":179,"column":17}},"type":"if","locations":[{"start":{"line":175,"column":16},"end":{"line":179,"column":17}},{"start":{"line":175,"column":16},"end":{"line":179,"column":17}}],"line":175},"9":{"loc":{"start":{"line":182,"column":16},"end":{"line":184,"column":17}},"type":"if","locations":[{"start":{"line":182,"column":16},"end":{"line":184,"column":17}},{"start":{"line":182,"column":16},"end":{"line":184,"column":17}}],"line":182},"10":{"loc":{"start":{"line":185,"column":16},"end":{"line":187,"column":17}},"type":"if","locations":[{"start":{"line":185,"column":16},"end":{"line":187,"column":17}},{"start":{"line":185,"column":16},"end":{"line":187,"column":17}}],"line":185},"11":{"loc":{"start":{"line":190,"column":37},"end":{"line":190,"column":54}},"type":"default-arg","locations":[{"start":{"line":190,"column":44},"end":{"line":190,"column":54}}],"line":190},"12":{"loc":{"start":{"line":193,"column":16},"end":{"line":196,"column":17}},"type":"if","locations":[{"start":{"line":193,"column":16},"end":{"line":196,"column":17}},{"start":{"line":193,"column":16},"end":{"line":196,"column":17}}],"line":193},"13":{"loc":{"start":{"line":200,"column":34},"end":{"line":200,"column":62}},"type":"default-arg","locations":[{"start":{"line":200,"column":41},"end":{"line":200,"column":62}}],"line":200},"14":{"loc":{"start":{"line":229,"column":12},"end":{"line":233,"column":13}},"type":"if","locations":[{"start":{"line":229,"column":12},"end":{"line":233,"column":13}},{"start":{"line":229,"column":12},"end":{"line":233,"column":13}}],"line":229},"15":{"loc":{"start":{"line":238,"column":12},"end":{"line":242,"column":13}},"type":"if","locations":[{"start":{"line":238,"column":12},"end":{"line":242,"column":13}},{"start":{"line":238,"column":12},"end":{"line":242,"column":13}}],"line":238},"16":{"loc":{"start":{"line":246,"column":12},"end":{"line":250,"column":13}},"type":"if","locations":[{"start":{"line":246,"column":12},"end":{"line":250,"column":13}},{"start":{"line":246,"column":12},"end":{"line":250,"column":13}}],"line":246},"17":{"loc":{"start":{"line":254,"column":12},"end":{"line":258,"column":13}},"type":"if","locations":[{"start":{"line":254,"column":12},"end":{"line":258,"column":13}},{"start":{"line":254,"column":12},"end":{"line":258,"column":13}}],"line":254},"18":{"loc":{"start":{"line":262,"column":12},"end":{"line":266,"column":13}},"type":"if","locations":[{"start":{"line":262,"column":12},"end":{"line":266,"column":13}},{"start":{"line":262,"column":12},"end":{"line":266,"column":13}}],"line":262},"19":{"loc":{"start":{"line":270,"column":12},"end":{"line":274,"column":13}},"type":"if","locations":[{"start":{"line":270,"column":12},"end":{"line":274,"column":13}},{"start":{"line":270,"column":12},"end":{"line":274,"column":13}}],"line":270},"20":{"loc":{"start":{"line":280,"column":12},"end":{"line":284,"column":13}},"type":"if","locations":[{"start":{"line":280,"column":12},"end":{"line":284,"column":13}},{"start":{"line":280,"column":12},"end":{"line":284,"column":13}}],"line":280}},"s":{"0":4,"1":4,"2":0,"3":0,"4":0,"5":0,"6":0,"7":0,"8":0,"9":0,"10":0,"11":0,"12":0,"13":0,"14":0,"15":0,"16":0,"17":0,"18":0,"19":0,"20":0,"21":0,"22":0,"23":0,"24":0,"25":0,"26":0,"27":0,"28":0,"29":0,"30":0,"31":0,"32":0,"33":0,"34":0,"35":0,"36":0,"37":0,"38":0,"39":0,"40":0,"41":0,"42":0,"43":0,"44":0,"45":0,"46":0,"47":0,"48":0,"49":0,"50":0,"51":0,"52":0,"53":0,"54":0,"55":0,"56":0,"57":0,"58":0,"59":0,"60":0,"61":0,"62":0,"63":0,"64":0,"65":0,"66":0,"67":0,"68":0,"69":0,"70":0,"71":0,"72":0,"73":0,"74":0,"75":0,"76":0,"77":0,"78":0,"79":0,"80":0,"81":0,"82":0},"f":{"0":0,"1":0,"2":0,"3":0,"4":0,"5":0,"6":0,"7":0,"8":0,"9":0,"10":0,"11":0,"12":0,"13":0,"14":0,"15":0,"16":0,"17":0,"18":0,"19":0,"20":0,"21":0,"22":0},"b":{"0":[0,0],"1":[0,0,0],"2":[0,0],"3":[0,0],"4":[0,0,0],"5":[0,0],"6":[0,0,0],"7":[0],"8":[0,0],"9":[0,0],"10":[0,0],"11":[0],"12":[0,0],"13":[0],"14":[0,0],"15":[0,0],"16":[0,0],"17":[0,0],"18":[0,0],"19":[0,0],"20":[0,0]},"_coverageSchema":"43e27e138ebf9cfc5966b082cf9a028302ed4184","hash":"f9e259fcf718cecefa1ebc0b8f9d8c38e8641148"}
,"/Users/wangxi/WebstormProjects/frontend_coin/src/store/modules/util.js": {"path":"/Users/wangxi/WebstormProjects/frontend_coin/src/store/modules/util.js","statementMap":{"0":{"start":{"line":1,"column":12},"end":{"line":31,"column":1}},"1":{"start":{"line":33,"column":11},"end":{"line":41,"column":1}}},"fnMap":{},"branchMap":{},"s":{"0":4,"1":4},"f":{},"b":{},"_coverageSchema":"43e27e138ebf9cfc5966b082cf9a028302ed4184","hash":"5fb36f04000b9b18acc55382f1043dd63aabf2c7"}
,"/Users/wangxi/WebstormProjects/frontend_coin/src/utils/request.js": {"path":"/Users/wangxi/WebstormProjects/frontend_coin/src/utils/request.js","statementMap":{"0":{"start":{"line":6,"column":16},"end":{"line":12,"column":2}},"1":{"start":{"line":15,"column":0},"end":{"line":24,"column":2}},"2":{"start":{"line":16,"column":24},"end":{"line":19,"column":3}},"3":{"start":{"line":20,"column":2},"end":{"line":20,"column":22}},"4":{"start":{"line":23,"column":4},"end":{"line":23,"column":31}}},"fnMap":{"0":{"name":"(anonymous_0)","decl":{"start":{"line":15,"column":33},"end":{"line":15,"column":34}},"loc":{"start":{"line":15,"column":45},"end":{"line":21,"column":1}},"line":15},"1":{"name":"(anonymous_1)","decl":{"start":{"line":22,"column":2},"end":{"line":22,"column":3}},"loc":{"start":{"line":22,"column":11},"end":{"line":24,"column":1}},"line":22}},"branchMap":{"0":{"loc":{"start":{"line":8,"column":11},"end":{"line":8,"column":107}},"type":"cond-expr","locations":[{"start":{"line":8,"column":51},"end":{"line":8,"column":78}},{"start":{"line":8,"column":80},"end":{"line":8,"column":107}}],"line":8}},"s":{"0":4,"1":4,"2":0,"3":0,"4":0},"f":{"0":0,"1":0},"b":{"0":[0,4]},"_coverageSchema":"43e27e138ebf9cfc5966b082cf9a028302ed4184","hash":"7df3bb63128b854ca71199ee96e6ccabc93e3f59"}
,"/Users/wangxi/WebstormProjects/frontend_coin/src/utils/validator.js": {"path":"/Users/wangxi/WebstormProjects/frontend_coin/src/utils/validator.js","statementMap":{"0":{"start":{"line":2,"column":4},"end":{"line":31,"column":5}},"1":{"start":{"line":3,"column":8},"end":{"line":6,"column":10}},"2":{"start":{"line":7,"column":10},"end":{"line":31,"column":5}},"3":{"start":{"line":8,"column":8},"end":{"line":11,"column":10}},"4":{"start":{"line":12,"column":10},"end":{"line":31,"column":5}},"5":{"start":{"line":13,"column":8},"end":{"line":20,"column":9}},"6":{"start":{"line":13,"column":20},"end":{"line":13,"column":21}},"7":{"start":{"line":14,"column":12},"end":{"line":19,"column":13}},"8":{"start":{"line":15,"column":16},"end":{"line":18,"column":18}},"9":{"start":{"line":21,"column":8},"end":{"line":24,"column":10}},"10":{"start":{"line":27,"column":8},"end":{"line":30,"column":10}}},"fnMap":{"0":{"name":"validateEntityName","decl":{"start":{"line":1,"column":16},"end":{"line":1,"column":34}},"loc":{"start":{"line":1,"column":69},"end":{"line":32,"column":1}},"line":1}},"branchMap":{"0":{"loc":{"start":{"line":2,"column":4},"end":{"line":31,"column":5}},"type":"if","locations":[{"start":{"line":2,"column":4},"end":{"line":31,"column":5}},{"start":{"line":2,"column":4},"end":{"line":31,"column":5}}],"line":2},"1":{"loc":{"start":{"line":7,"column":10},"end":{"line":31,"column":5}},"type":"if","locations":[{"start":{"line":7,"column":10},"end":{"line":31,"column":5}},{"start":{"line":7,"column":10},"end":{"line":31,"column":5}}],"line":7},"2":{"loc":{"start":{"line":12,"column":10},"end":{"line":31,"column":5}},"type":"if","locations":[{"start":{"line":12,"column":10},"end":{"line":31,"column":5}},{"start":{"line":12,"column":10},"end":{"line":31,"column":5}}],"line":12},"3":{"loc":{"start":{"line":12,"column":14},"end":{"line":12,"column":56}},"type":"binary-expr","locations":[{"start":{"line":12,"column":14},"end":{"line":12,"column":32}},{"start":{"line":12,"column":36},"end":{"line":12,"column":56}}],"line":12},"4":{"loc":{"start":{"line":14,"column":12},"end":{"line":19,"column":13}},"type":"if","locations":[{"start":{"line":14,"column":12},"end":{"line":19,"column":13}},{"start":{"line":14,"column":12},"end":{"line":19,"column":13}}],"line":14},"5":{"loc":{"start":{"line":14,"column":15},"end":{"line":14,"column":75}},"type":"binary-expr","locations":[{"start":{"line":14,"column":15},"end":{"line":14,"column":34}},{"start":{"line":14,"column":38},"end":{"line":14,"column":75}}],"line":14}},"s":{"0":5,"1":1,"2":4,"3":1,"4":3,"5":2,"6":2,"7":5,"8":1,"9":1,"10":1},"f":{"0":5},"b":{"0":[1,4],"1":[1,3],"2":[2,1],"3":[3,3],"4":[1,4],"5":[5,5]},"_coverageSchema":"43e27e138ebf9cfc5966b082cf9a028302ed4184","hash":"c48966848f34fa0b9cd6e2b57f077d0d8f89931f"}
,"/Users/wangxi/WebstormProjects/frontend_coin/src/views/graph/components/ColorPicker2.vue": {"path":"/Users/wangxi/WebstormProjects/frontend_coin/src/views/graph/components/ColorPicker2.vue","statementMap":{"0":{"start":{"line":12,"column":0},"end":{"line":12,"column":null}},"1":{"start":{"line":16,"column":0},"end":{"line":16,"column":null}},"2":{"start":{"line":30,"column":0},"end":{"line":30,"column":null}},"3":{"start":{"line":31,"column":0},"end":{"line":31,"column":null}},"4":{"start":{"line":32,"column":0},"end":{"line":32,"column":null}},"5":{"start":{"line":39,"column":0},"end":{"line":39,"column":null}}},"fnMap":{"0":{"name":"(anonymous_1)","decl":{"start":{"line":15,"column":0},"end":{"line":15,"column":null}},"loc":{"start":{"line":15,"column":0},"end":{"line":19,"column":null}}},"1":{"name":"(anonymous_2)","decl":{"start":{"line":29,"column":0},"end":{"line":29,"column":null}},"loc":{"start":{"line":29,"column":0},"end":{"line":33,"column":null}}},"2":{"name":"(anonymous_3)","decl":{"start":{"line":38,"column":0},"end":{"line":38,"column":null}},"loc":{"start":{"line":38,"column":0},"end":{"line":40,"column":null}}}},"branchMap":{},"s":{"0":3,"1":2,"2":0,"3":0,"4":0,"5":2},"f":{"0":2,"1":0,"2":2},"b":{}}
,"/Users/wangxi/WebstormProjects/frontend_coin/src/views/graph/components/DownloadGraph.vue": {"path":"/Users/wangxi/WebstormProjects/frontend_coin/src/views/graph/components/DownloadGraph.vue","statementMap":{"0":{"start":{"line":19,"column":0},"end":{"line":19,"column":null}},"1":{"start":{"line":20,"column":0},"end":{"line":20,"column":null}},"2":{"start":{"line":28,"column":0},"end":{"line":28,"column":null}},"3":{"start":{"line":36,"column":0},"end":{"line":36,"column":null}},"4":{"start":{"line":79,"column":0},"end":{"line":79,"column":null}},"5":{"start":{"line":80,"column":0},"end":{"line":84,"column":null}},"6":{"start":{"line":81,"column":0},"end":{"line":81,"column":null}},"7":{"start":{"line":82,"column":0},"end":{"line":84,"column":null}},"8":{"start":{"line":83,"column":0},"end":{"line":83,"column":null}},"9":{"start":{"line":87,"column":0},"end":{"line":87,"column":null}},"10":{"start":{"line":90,"column":0},"end":{"line":90,"column":null}},"11":{"start":{"line":91,"column":0},"end":{"line":91,"column":null}},"12":{"start":{"line":92,"column":0},"end":{"line":92,"column":null}},"13":{"start":{"line":93,"column":0},"end":{"line":93,"column":null}},"14":{"start":{"line":94,"column":0},"end":{"line":94,"column":null}},"15":{"start":{"line":95,"column":0},"end":{"line":95,"column":null}},"16":{"start":{"line":96,"column":0},"end":{"line":96,"column":null}},"17":{"start":{"line":97,"column":0},"end":{"line":97,"column":null}},"18":{"start":{"line":98,"column":0},"end":{"line":98,"column":null}},"19":{"start":{"line":99,"column":0},"end":{"line":99,"column":null}},"20":{"start":{"line":100,"column":0},"end":{"line":103,"column":null}},"21":{"start":{"line":101,"column":0},"end":{"line":101,"column":null}},"22":{"start":{"line":102,"column":0},"end":{"line":102,"column":null}}},"fnMap":{"0":{"name":"(anonymous_1)","decl":{"start":{"line":35,"column":0},"end":{"line":35,"column":null}},"loc":{"start":{"line":35,"column":0},"end":{"line":73,"column":null}}},"1":{"name":"(anonymous_2)","decl":{"start":{"line":78,"column":0},"end":{"line":78,"column":null}},"loc":{"start":{"line":78,"column":0},"end":{"line":85,"column":null}}},"2":{"name":"(anonymous_3)","decl":{"start":{"line":86,"column":0},"end":{"line":86,"column":null}},"loc":{"start":{"line":86,"column":0},"end":{"line":88,"column":null}}},"3":{"name":"(anonymous_4)","decl":{"start":{"line":89,"column":0},"end":{"line":89,"column":null}},"loc":{"start":{"line":89,"column":0},"end":{"line":104,"column":null}}},"4":{"name":"(anonymous_5)","decl":{"start":{"line":100,"column":0},"end":{"line":100,"column":null}},"loc":{"start":{"line":100,"column":0},"end":{"line":103,"column":null}}}},"branchMap":{"0":{"loc":{"start":{"line":80,"column":0},"end":{"line":84,"column":null}},"type":"if","locations":[{"start":{"line":80,"column":0},"end":{"line":84,"column":null}},{"start":{"line":80,"column":0},"end":{"line":84,"column":null}}]},"1":{"loc":{"start":{"line":80,"column":0},"end":{"line":80,"column":null}},"type":"binary-expr","locations":[{"start":{"line":80,"column":0},"end":{"line":80,"column":null}},{"start":{"line":80,"column":0},"end":{"line":80,"column":null}}]},"2":{"loc":{"start":{"line":82,"column":0},"end":{"line":84,"column":null}},"type":"if","locations":[{"start":{"line":82,"column":0},"end":{"line":84,"column":null}},{"start":{"line":82,"column":0},"end":{"line":84,"column":null}}]}},"s":{"0":1,"1":1,"2":1,"3":1,"4":1,"5":0,"6":0,"7":0,"8":0,"9":0,"10":0,"11":0,"12":0,"13":0,"14":0,"15":0,"16":0,"17":0,"18":0,"19":0,"20":0,"21":0,"22":0},"f":{"0":1,"1":1,"2":0,"3":0,"4":0},"b":{"0":[0,0],"1":[0,0],"2":[0,0]}}
,"/Users/wangxi/WebstormProjects/frontend_coin/src/views/graph/components/EntityModal.vue": {"path":"/Users/wangxi/WebstormProjects/frontend_coin/src/views/graph/components/EntityModal.vue","statementMap":{"0":{"start":{"line":48,"column":0},"end":{"line":48,"column":null}},"1":{"start":{"line":49,"column":0},"end":{"line":49,"column":null}},"2":{"start":{"line":50,"column":0},"end":{"line":50,"column":null}},"3":{"start":{"line":55,"column":0},"end":{"line":55,"column":null}},"4":{"start":{"line":85,"column":0},"end":{"line":85,"column":null}},"5":{"start":{"line":88,"column":0},"end":{"line":88,"column":null}},"6":{"start":{"line":89,"column":0},"end":{"line":89,"column":null}},"7":{"start":{"line":92,"column":0},"end":{"line":92,"column":null}},"8":{"start":{"line":96,"column":0},"end":{"line":96,"column":null}},"9":{"start":{"line":99,"column":0},"end":{"line":119,"column":null}},"10":{"start":{"line":100,"column":0},"end":{"line":100,"column":null}},"11":{"start":{"line":101,"column":0},"end":{"line":101,"column":null}},"12":{"start":{"line":102,"column":0},"end":{"line":102,"column":null}},"13":{"start":{"line":103,"column":0},"end":{"line":103,"column":null}},"14":{"start":{"line":104,"column":0},"end":{"line":118,"column":null}},"15":{"start":{"line":105,"column":0},"end":{"line":105,"column":null}},"16":{"start":{"line":110,"column":0},"end":{"line":110,"column":null}},"17":{"start":{"line":115,"column":0},"end":{"line":115,"column":null}},"18":{"start":{"line":117,"column":0},"end":{"line":117,"column":null}},"19":{"start":{"line":122,"column":0},"end":{"line":122,"column":null}},"20":{"start":{"line":125,"column":0},"end":{"line":125,"column":null}},"21":{"start":{"line":138,"column":0},"end":{"line":138,"column":null}},"22":{"start":{"line":139,"column":0},"end":{"line":139,"column":null}},"23":{"start":{"line":140,"column":0},"end":{"line":140,"column":null}}},"fnMap":{"0":{"name":"(anonymous_1)","decl":{"start":{"line":54,"column":0},"end":{"line":54,"column":null}},"loc":{"start":{"line":54,"column":0},"end":{"line":63,"column":null}}},"1":{"name":"(anonymous_2)","decl":{"start":{"line":84,"column":0},"end":{"line":84,"column":null}},"loc":{"start":{"line":84,"column":0},"end":{"line":86,"column":null}}},"2":{"name":"(anonymous_3)","decl":{"start":{"line":87,"column":0},"end":{"line":87,"column":null}},"loc":{"start":{"line":87,"column":0},"end":{"line":97,"column":null}}},"3":{"name":"(anonymous_4)","decl":{"start":{"line":98,"column":0},"end":{"line":98,"column":null}},"loc":{"start":{"line":98,"column":0},"end":{"line":120,"column":null}}},"4":{"name":"(anonymous_5)","decl":{"start":{"line":121,"column":0},"end":{"line":121,"column":null}},"loc":{"start":{"line":121,"column":0},"end":{"line":123,"column":null}}},"5":{"name":"(anonymous_6)","decl":{"start":{"line":124,"column":0},"end":{"line":124,"column":null}},"loc":{"start":{"line":124,"column":0},"end":{"line":129,"column":null}}},"6":{"name":"(anonymous_7)","decl":{"start":{"line":137,"column":0},"end":{"line":137,"column":null}},"loc":{"start":{"line":137,"column":0},"end":{"line":141,"column":null}}}},"branchMap":{"0":{"loc":{"start":{"line":99,"column":0},"end":{"line":119,"column":null}},"type":"if","locations":[{"start":{"line":99,"column":0},"end":{"line":119,"column":null}},{"start":{"line":99,"column":0},"end":{"line":119,"column":null}}]},"1":{"loc":{"start":{"line":104,"column":0},"end":{"line":118,"column":null}},"type":"if","locations":[{"start":{"line":104,"column":0},"end":{"line":118,"column":null}},{"start":{"line":104,"column":0},"end":{"line":118,"column":null}}]},"2":{"loc":{"start":{"line":104,"column":0},"end":{"line":104,"column":null}},"type":"binary-expr","locations":[{"start":{"line":104,"column":0},"end":{"line":104,"column":null}},{"start":{"line":104,"column":0},"end":{"line":104,"column":null}}]}},"s":{"0":2,"1":2,"2":2,"3":2,"4":0,"5":0,"6":0,"7":0,"8":0,"9":1,"10":1,"11":1,"12":1,"13":1,"14":1,"15":0,"16":0,"17":0,"18":1,"19":0,"20":0,"21":2,"22":2,"23":2},"f":{"0":2,"1":0,"2":0,"3":1,"4":0,"5":0,"6":2},"b":{"0":[1,0],"1":[0,1],"2":[1,1]}}
,"/Users/wangxi/WebstormProjects/frontend_coin/src/views/graph/components/Graph.vue": {"path":"/Users/wangxi/WebstormProjects/frontend_coin/src/views/graph/components/Graph.vue","statementMap":{"0":{"start":{"line":17,"column":0},"end":{"line":17,"column":null}},"1":{"start":{"line":18,"column":0},"end":{"line":18,"column":null}},"2":{"start":{"line":19,"column":0},"end":{"line":19,"column":null}},"3":{"start":{"line":28,"column":0},"end":{"line":28,"column":null}},"4":{"start":{"line":48,"column":0},"end":{"line":48,"column":null}},"5":{"start":{"line":52,"column":0},"end":{"line":52,"column":null}},"6":{"start":{"line":53,"column":0},"end":{"line":53,"column":null}},"7":{"start":{"line":54,"column":0},"end":{"line":54,"column":null}},"8":{"start":{"line":55,"column":0},"end":{"line":55,"column":null}},"9":{"start":{"line":56,"column":0},"end":{"line":56,"column":null}},"10":{"start":{"line":57,"column":0},"end":{"line":57,"column":null}},"11":{"start":{"line":58,"column":0},"end":{"line":62,"column":null}},"12":{"start":{"line":59,"column":0},"end":{"line":59,"column":null}},"13":{"start":{"line":63,"column":0},"end":{"line":93,"column":null}},"14":{"start":{"line":64,"column":0},"end":{"line":64,"column":null}},"15":{"start":{"line":65,"column":0},"end":{"line":65,"column":null}},"16":{"start":{"line":66,"column":0},"end":{"line":66,"column":null}},"17":{"start":{"line":67,"column":0},"end":{"line":67,"column":null}},"18":{"start":{"line":68,"column":0},"end":{"line":68,"column":null}},"19":{"start":{"line":94,"column":0},"end":{"line":104,"column":null}},"20":{"start":{"line":95,"column":0},"end":{"line":95,"column":null}},"21":{"start":{"line":99,"column":0},"end":{"line":99,"column":null}},"22":{"start":{"line":102,"column":0},"end":{"line":102,"column":null}},"23":{"start":{"line":103,"column":0},"end":{"line":103,"column":null}},"24":{"start":{"line":105,"column":0},"end":{"line":105,"column":null}},"25":{"start":{"line":152,"column":0},"end":{"line":152,"column":null}},"26":{"start":{"line":171,"column":0},"end":{"line":171,"column":null}},"27":{"start":{"line":172,"column":0},"end":{"line":174,"column":null}},"28":{"start":{"line":173,"column":0},"end":{"line":173,"column":null}},"29":{"start":{"line":175,"column":0},"end":{"line":175,"column":null}},"30":{"start":{"line":176,"column":0},"end":{"line":178,"column":null}},"31":{"start":{"line":177,"column":0},"end":{"line":177,"column":null}},"32":{"start":{"line":179,"column":0},"end":{"line":179,"column":null}},"33":{"start":{"line":191,"column":0},"end":{"line":197,"column":null}},"34":{"start":{"line":192,"column":0},"end":{"line":192,"column":null}},"35":{"start":{"line":193,"column":0},"end":{"line":193,"column":null}},"36":{"start":{"line":195,"column":0},"end":{"line":195,"column":null}},"37":{"start":{"line":196,"column":0},"end":{"line":196,"column":null}},"38":{"start":{"line":200,"column":0},"end":{"line":202,"column":null}},"39":{"start":{"line":201,"column":0},"end":{"line":201,"column":null}},"40":{"start":{"line":203,"column":0},"end":{"line":203,"column":null}},"41":{"start":{"line":204,"column":0},"end":{"line":204,"column":null}},"42":{"start":{"line":207,"column":0},"end":{"line":207,"column":null}},"43":{"start":{"line":212,"column":0},"end":{"line":212,"column":null}},"44":{"start":{"line":213,"column":0},"end":{"line":213,"column":null}},"45":{"start":{"line":214,"column":0},"end":{"line":214,"column":null}},"46":{"start":{"line":215,"column":0},"end":{"line":215,"column":null}},"47":{"start":{"line":216,"column":0},"end":{"line":216,"column":null}},"48":{"start":{"line":217,"column":0},"end":{"line":217,"column":null}},"49":{"start":{"line":218,"column":0},"end":{"line":218,"column":null}},"50":{"start":{"line":219,"column":0},"end":{"line":219,"column":null}}},"fnMap":{"0":{"name":"(anonymous_1)","decl":{"start":{"line":27,"column":0},"end":{"line":27,"column":null}},"loc":{"start":{"line":27,"column":0},"end":{"line":40,"column":null}}},"1":{"name":"(anonymous_2)","decl":{"start":{"line":47,"column":0},"end":{"line":47,"column":null}},"loc":{"start":{"line":47,"column":0},"end":{"line":49,"column":null}}},"2":{"name":"(anonymous_3)","decl":{"start":{"line":51,"column":0},"end":{"line":51,"column":null}},"loc":{"start":{"line":51,"column":0},"end":{"line":180,"column":null}}},"3":{"name":"(anonymous_4)","decl":{"start":{"line":56,"column":0},"end":{"line":56,"column":null}},"loc":{"start":{"line":56,"column":0},"end":{"line":56,"column":null}}},"4":{"name":"(anonymous_5)","decl":{"start":{"line":58,"column":0},"end":{"line":58,"column":null}},"loc":{"start":{"line":58,"column":0},"end":{"line":62,"column":null}}},"5":{"name":"(anonymous_6)","decl":{"start":{"line":63,"column":0},"end":{"line":63,"column":null}},"loc":{"start":{"line":63,"column":0},"end":{"line":93,"column":null}}},"6":{"name":"(anonymous_7)","decl":{"start":{"line":94,"column":0},"end":{"line":94,"column":null}},"loc":{"start":{"line":94,"column":0},"end":{"line":104,"column":null}}},"7":{"name":"(anonymous_8)","decl":{"start":{"line":151,"column":0},"end":{"line":151,"column":null}},"loc":{"start":{"line":151,"column":0},"end":{"line":153,"column":null}}},"8":{"name":"(anonymous_9)","decl":{"start":{"line":172,"column":0},"end":{"line":172,"column":null}},"loc":{"start":{"line":172,"column":0},"end":{"line":174,"column":null}}},"9":{"name":"(anonymous_10)","decl":{"start":{"line":176,"column":0},"end":{"line":176,"column":null}},"loc":{"start":{"line":176,"column":0},"end":{"line":178,"column":null}}},"10":{"name":"(anonymous_11)","decl":{"start":{"line":190,"column":0},"end":{"line":190,"column":null}},"loc":{"start":{"line":190,"column":0},"end":{"line":198,"column":null}}},"11":{"name":"(anonymous_12)","decl":{"start":{"line":199,"column":0},"end":{"line":199,"column":null}},"loc":{"start":{"line":199,"column":0},"end":{"line":205,"column":null}}},"12":{"name":"(anonymous_13)","decl":{"start":{"line":206,"column":0},"end":{"line":206,"column":null}},"loc":{"start":{"line":206,"column":0},"end":{"line":220,"column":null}}}},"branchMap":{"0":{"loc":{"start":{"line":191,"column":0},"end":{"line":197,"column":null}},"type":"if","locations":[{"start":{"line":191,"column":0},"end":{"line":197,"column":null}},{"start":{"line":191,"column":0},"end":{"line":197,"column":null}}]},"1":{"loc":{"start":{"line":200,"column":0},"end":{"line":202,"column":null}},"type":"if","locations":[{"start":{"line":200,"column":0},"end":{"line":202,"column":null}},{"start":{"line":200,"column":0},"end":{"line":202,"column":null}}]}},"s":{"0":1,"1":1,"2":1,"3":1,"4":1,"5":1,"6":0,"7":0,"8":0,"9":0,"10":0,"11":0,"12":0,"13":0,"14":0,"15":0,"16":0,"17":0,"18":0,"19":0,"20":0,"21":0,"22":0,"23":0,"24":0,"25":0,"26":0,"27":0,"28":0,"29":0,"30":0,"31":0,"32":0,"33":0,"34":0,"35":0,"36":0,"37":0,"38":0,"39":0,"40":0,"41":0,"42":0,"43":0,"44":0,"45":0,"46":0,"47":0,"48":0,"49":0,"50":0},"f":{"0":1,"1":1,"2":1,"3":0,"4":0,"5":0,"6":0,"7":0,"8":0,"9":0,"10":0,"11":0,"12":0},"b":{"0":[0,0],"1":[0,0]}}
,"/Users/wangxi/WebstormProjects/frontend_coin/src/views/graph/components/RelationLine.vue": {"path":"/Users/wangxi/WebstormProjects/frontend_coin/src/views/graph/components/RelationLine.vue","statementMap":{"0":{"start":{"line":68,"column":0},"end":{"line":68,"column":null}},"1":{"start":{"line":69,"column":0},"end":{"line":69,"column":null}},"2":{"start":{"line":77,"column":0},"end":{"line":77,"column":null}},"3":{"start":{"line":95,"column":0},"end":{"line":95,"column":null}},"4":{"start":{"line":96,"column":0},"end":{"line":96,"column":null}},"5":{"start":{"line":100,"column":0},"end":{"line":102,"column":null}},"6":{"start":{"line":101,"column":0},"end":{"line":101,"column":null}},"7":{"start":{"line":116,"column":0},"end":{"line":116,"column":null}},"8":{"start":{"line":117,"column":0},"end":{"line":117,"column":null}},"9":{"start":{"line":123,"column":0},"end":{"line":123,"column":null}},"10":{"start":{"line":124,"column":0},"end":{"line":124,"column":null}},"11":{"start":{"line":125,"column":0},"end":{"line":125,"column":null}},"12":{"start":{"line":126,"column":0},"end":{"line":126,"column":null}},"13":{"start":{"line":127,"column":0},"end":{"line":127,"column":null}},"14":{"start":{"line":128,"column":0},"end":{"line":128,"column":null}},"15":{"start":{"line":129,"column":0},"end":{"line":129,"column":null}},"16":{"start":{"line":130,"column":0},"end":{"line":130,"column":null}},"17":{"start":{"line":133,"column":0},"end":{"line":133,"column":null}},"18":{"start":{"line":136,"column":0},"end":{"line":136,"column":null}},"19":{"start":{"line":137,"column":0},"end":{"line":137,"column":null}},"20":{"start":{"line":138,"column":0},"end":{"line":138,"column":null}},"21":{"start":{"line":139,"column":0},"end":{"line":139,"column":null}},"22":{"start":{"line":140,"column":0},"end":{"line":143,"column":null}},"23":{"start":{"line":141,"column":0},"end":{"line":141,"column":null}},"24":{"start":{"line":142,"column":0},"end":{"line":142,"column":null}},"25":{"start":{"line":145,"column":0},"end":{"line":145,"column":null}},"26":{"start":{"line":146,"column":0},"end":{"line":146,"column":null}},"27":{"start":{"line":153,"column":0},"end":{"line":158,"column":null}},"28":{"start":{"line":154,"column":0},"end":{"line":154,"column":null}},"29":{"start":{"line":157,"column":0},"end":{"line":157,"column":null}},"30":{"start":{"line":159,"column":0},"end":{"line":162,"column":null}},"31":{"start":{"line":160,"column":0},"end":{"line":160,"column":null}},"32":{"start":{"line":161,"column":0},"end":{"line":161,"column":null}},"33":{"start":{"line":163,"column":0},"end":{"line":163,"column":null}},"34":{"start":{"line":165,"column":0},"end":{"line":165,"column":null}},"35":{"start":{"line":167,"column":0},"end":{"line":172,"column":null}},"36":{"start":{"line":168,"column":0},"end":{"line":168,"column":null}},"37":{"start":{"line":171,"column":0},"end":{"line":171,"column":null}},"38":{"start":{"line":176,"column":0},"end":{"line":176,"column":null}},"39":{"start":{"line":179,"column":0},"end":{"line":179,"column":null}},"40":{"start":{"line":182,"column":0},"end":{"line":182,"column":null}},"41":{"start":{"line":185,"column":0},"end":{"line":185,"column":null}},"42":{"start":{"line":186,"column":0},"end":{"line":186,"column":null}},"43":{"start":{"line":187,"column":0},"end":{"line":187,"column":null}},"44":{"start":{"line":190,"column":0},"end":{"line":190,"column":null}},"45":{"start":{"line":193,"column":0},"end":{"line":193,"column":null}},"46":{"start":{"line":196,"column":0},"end":{"line":196,"column":null}}},"fnMap":{"0":{"name":"(anonymous_1)","decl":{"start":{"line":76,"column":0},"end":{"line":76,"column":null}},"loc":{"start":{"line":76,"column":0},"end":{"line":83,"column":null}}},"1":{"name":"(anonymous_2)","decl":{"start":{"line":94,"column":0},"end":{"line":94,"column":null}},"loc":{"start":{"line":94,"column":0},"end":{"line":97,"column":null}}},"2":{"name":"(anonymous_3)","decl":{"start":{"line":99,"column":0},"end":{"line":99,"column":null}},"loc":{"start":{"line":99,"column":0},"end":{"line":103,"column":null}}},"3":{"name":"(anonymous_4)","decl":{"start":{"line":115,"column":0},"end":{"line":115,"column":null}},"loc":{"start":{"line":115,"column":0},"end":{"line":131,"column":null}}},"4":{"name":"(anonymous_5)","decl":{"start":{"line":132,"column":0},"end":{"line":132,"column":null}},"loc":{"start":{"line":132,"column":0},"end":{"line":134,"column":null}}},"5":{"name":"(anonymous_6)","decl":{"start":{"line":135,"column":0},"end":{"line":135,"column":null}},"loc":{"start":{"line":135,"column":0},"end":{"line":174,"column":null}}},"6":{"name":"(anonymous_7)","decl":{"start":{"line":175,"column":0},"end":{"line":175,"column":null}},"loc":{"start":{"line":175,"column":0},"end":{"line":177,"column":null}}},"7":{"name":"(anonymous_8)","decl":{"start":{"line":178,"column":0},"end":{"line":178,"column":null}},"loc":{"start":{"line":178,"column":0},"end":{"line":180,"column":null}}},"8":{"name":"(anonymous_9)","decl":{"start":{"line":181,"column":0},"end":{"line":181,"column":null}},"loc":{"start":{"line":181,"column":0},"end":{"line":183,"column":null}}},"9":{"name":"(anonymous_10)","decl":{"start":{"line":184,"column":0},"end":{"line":184,"column":null}},"loc":{"start":{"line":184,"column":0},"end":{"line":188,"column":null}}},"10":{"name":"(anonymous_11)","decl":{"start":{"line":189,"column":0},"end":{"line":189,"column":null}},"loc":{"start":{"line":189,"column":0},"end":{"line":191,"column":null}}},"11":{"name":"(anonymous_12)","decl":{"start":{"line":192,"column":0},"end":{"line":192,"column":null}},"loc":{"start":{"line":192,"column":0},"end":{"line":194,"column":null}}},"12":{"name":"(anonymous_13)","decl":{"start":{"line":195,"column":0},"end":{"line":195,"column":null}},"loc":{"start":{"line":195,"column":0},"end":{"line":199,"column":null}}}},"branchMap":{"0":{"loc":{"start":{"line":100,"column":0},"end":{"line":102,"column":null}},"type":"if","locations":[{"start":{"line":100,"column":0},"end":{"line":102,"column":null}},{"start":{"line":100,"column":0},"end":{"line":102,"column":null}}]},"1":{"loc":{"start":{"line":140,"column":0},"end":{"line":143,"column":null}},"type":"if","locations":[{"start":{"line":140,"column":0},"end":{"line":143,"column":null}},{"start":{"line":140,"column":0},"end":{"line":143,"column":null}}]},"2":{"loc":{"start":{"line":140,"column":0},"end":{"line":140,"column":null}},"type":"binary-expr","locations":[{"start":{"line":140,"column":0},"end":{"line":140,"column":null}},{"start":{"line":140,"column":0},"end":{"line":140,"column":null}}]},"3":{"loc":{"start":{"line":153,"column":0},"end":{"line":158,"column":null}},"type":"if","locations":[{"start":{"line":153,"column":0},"end":{"line":158,"column":null}},{"start":{"line":153,"column":0},"end":{"line":158,"column":null}}]},"4":{"loc":{"start":{"line":159,"column":0},"end":{"line":162,"column":null}},"type":"if","locations":[{"start":{"line":159,"column":0},"end":{"line":162,"column":null}},{"start":{"line":159,"column":0},"end":{"line":162,"column":null}}]},"5":{"loc":{"start":{"line":167,"column":0},"end":{"line":172,"column":null}},"type":"if","locations":[{"start":{"line":167,"column":0},"end":{"line":172,"column":null}},{"start":{"line":167,"column":0},"end":{"line":172,"column":null}}]},"6":{"loc":{"start":{"line":167,"column":0},"end":{"line":167,"column":null}},"type":"binary-expr","locations":[{"start":{"line":167,"column":0},"end":{"line":167,"column":null}},{"start":{"line":167,"column":0},"end":{"line":167,"column":null}}]}},"s":{"0":1,"1":1,"2":1,"3":1,"4":1,"5":0,"6":0,"7":0,"8":0,"9":0,"10":0,"11":0,"12":0,"13":0,"14":0,"15":0,"16":0,"17":0,"18":0,"19":0,"20":0,"21":0,"22":0,"23":0,"24":0,"25":0,"26":0,"27":0,"28":0,"29":0,"30":0,"31":0,"32":0,"33":0,"34":0,"35":0,"36":0,"37":0,"38":0,"39":0,"40":0,"41":0,"42":0,"43":0,"44":0,"45":0,"46":0},"f":{"0":1,"1":1,"2":0,"3":0,"4":0,"5":0,"6":0,"7":0,"8":0,"9":0,"10":0,"11":0,"12":0},"b":{"0":[0,0],"1":[0,0],"2":[0,0],"3":[0,0],"4":[0,0],"5":[0,0],"6":[0,0]}}
}
