TN:
SF:/Users/wangxi/WebstormProjects/frontend_coin/src/App.vue
FN:19,(anonymous_1)
FNF:1
FNH:1
FNDA:1,(anonymous_1)
DA:12,1
DA:20,1
LF:2
LH:2
BRF:0
BRH:0
end_of_record
TN:
SF:/Users/wangxi/WebstormProjects/frontend_coin/src/api/graph.js
FN:7,getAllAPI
FN:21,changeEntityAPI
FN:31,addEntityAPI
FN:41,deleteEntityAPI
FN:51,addRelationAPI
FN:61,changeRelationAPI
FN:71,deleteRelationAPI
FN:81,downloadAPI
FNF:8
FNH:0
FNDA:0,getAllAPI
FNDA:0,changeEntityAPI
FNDA:0,addEntityAPI
FNDA:0,deleteEntityAPI
FNDA:0,addRelationAPI
FNDA:0,changeRelationAPI
FNDA:0,deleteRelationAPI
FNDA:0,downloadAPI
DA:3,4
DA:8,0
DA:22,0
DA:23,0
DA:32,0
DA:33,0
DA:42,0
DA:43,0
DA:52,0
DA:53,0
DA:62,0
DA:63,0
DA:72,0
DA:73,0
DA:82,0
LF:15
LH:1
BRF:0
BRH:0
end_of_record
TN:
SF:/Users/wangxi/WebstormProjects/frontend_coin/src/store/getters.js
FN:2,(anonymous_0)
FN:3,(anonymous_1)
FN:4,(anonymous_2)
FN:5,(anonymous_3)
FN:6,(anonymous_4)
FN:7,(anonymous_5)
FN:8,(anonymous_6)
FN:9,(anonymous_7)
FN:10,(anonymous_8)
FN:12,(anonymous_9)
FNF:10
FNH:2
FNDA:0,(anonymous_0)
FNDA:0,(anonymous_1)
FNDA:0,(anonymous_2)
FNDA:0,(anonymous_3)
FNDA:0,(anonymous_4)
FNDA:0,(anonymous_5)
FNDA:0,(anonymous_6)
FNDA:1,(anonymous_7)
FNDA:0,(anonymous_8)
FNDA:2,(anonymous_9)
DA:1,4
DA:2,0
DA:3,0
DA:4,0
DA:5,0
DA:6,0
DA:7,0
DA:8,0
DA:9,1
DA:10,0
DA:12,2
LF:11
LH:3
BRF:0
BRH:0
end_of_record
TN:
SF:/Users/wangxi/WebstormProjects/frontend_coin/src/store/index.js
FNF:0
FNH:0
DA:7,4
DA:22,4
LF:2
LH:2
BRF:0
BRH:0
end_of_record
TN:
SF:/Users/wangxi/WebstormProjects/frontend_coin/src/store/modules/graph.js
FN:120,(anonymous_0)
FN:123,(anonymous_1)
FN:126,(anonymous_2)
FN:129,(anonymous_3)
FN:132,(anonymous_4)
FN:133,(anonymous_5)
FN:138,(anonymous_6)
FN:139,(anonymous_7)
FN:144,(anonymous_8)
FN:156,(anonymous_9)
FN:164,(anonymous_10)
FN:173,(anonymous_11)
FN:190,(anonymous_12)
FN:200,(anonymous_13)
FN:203,(anonymous_14)
FN:208,(anonymous_15)
FN:226,(anonymous_16)
FN:235,(anonymous_17)
FN:244,(anonymous_18)
FN:252,(anonymous_19)
FN:260,(anonymous_20)
FN:268,(anonymous_21)
FN:276,(anonymous_22)
FNF:23
FNH:0
FNDA:0,(anonymous_0)
FNDA:0,(anonymous_1)
FNDA:0,(anonymous_2)
FNDA:0,(anonymous_3)
FNDA:0,(anonymous_4)
FNDA:0,(anonymous_5)
FNDA:0,(anonymous_6)
FNDA:0,(anonymous_7)
FNDA:0,(anonymous_8)
FNDA:0,(anonymous_9)
FNDA:0,(anonymous_10)
FNDA:0,(anonymous_11)
FNDA:0,(anonymous_12)
FNDA:0,(anonymous_13)
FNDA:0,(anonymous_14)
FNDA:0,(anonymous_15)
FNDA:0,(anonymous_16)
FNDA:0,(anonymous_17)
FNDA:0,(anonymous_18)
FNDA:0,(anonymous_19)
FNDA:0,(anonymous_20)
FNDA:0,(anonymous_21)
FNDA:0,(anonymous_22)
DA:14,4
DA:117,4
DA:121,0
DA:124,0
DA:127,0
DA:130,0
DA:133,0
DA:134,0
DA:136,0
DA:139,0
DA:140,0
DA:142,0
DA:145,0
DA:146,0
DA:147,0
DA:148,0
DA:149,0
DA:152,0
DA:153,0
DA:157,0
DA:158,0
DA:159,0
DA:160,0
DA:165,0
DA:166,0
DA:167,0
DA:168,0
DA:169,0
DA:174,0
DA:175,0
DA:176,0
DA:177,0
DA:178,0
DA:181,0
DA:182,0
DA:183,0
DA:185,0
DA:186,0
DA:191,0
DA:192,0
DA:193,0
DA:194,0
DA:195,0
DA:198,0
DA:201,0
DA:204,0
DA:205,0
DA:209,0
DA:227,0
DA:228,0
DA:229,0
DA:230,0
DA:232,0
DA:236,0
DA:237,0
DA:238,0
DA:239,0
DA:241,0
DA:245,0
DA:246,0
DA:247,0
DA:249,0
DA:253,0
DA:254,0
DA:255,0
DA:257,0
DA:261,0
DA:262,0
DA:263,0
DA:265,0
DA:269,0
DA:270,0
DA:273,0
DA:277,0
DA:280,0
DA:281,0
DA:283,0
LF:77
LH:2
BRDA:147,0,0,0
BRDA:147,0,1,0
BRDA:147,1,0,0
BRDA:147,1,1,0
BRDA:147,1,2,0
BRDA:152,2,0,0
BRDA:152,2,1,0
BRDA:158,3,0,0
BRDA:158,3,1,0
BRDA:158,4,0,0
BRDA:158,4,1,0
BRDA:158,4,2,0
BRDA:166,5,0,0
BRDA:166,5,1,0
BRDA:166,6,0,0
BRDA:166,6,1,0
BRDA:166,6,2,0
BRDA:173,7,0,0
BRDA:175,8,0,0
BRDA:175,8,1,0
BRDA:182,9,0,0
BRDA:182,9,1,0
BRDA:185,10,0,0
BRDA:185,10,1,0
BRDA:190,11,0,0
BRDA:193,12,0,0
BRDA:193,12,1,0
BRDA:200,13,0,0
BRDA:229,14,0,0
BRDA:229,14,1,0
BRDA:238,15,0,0
BRDA:238,15,1,0
BRDA:246,16,0,0
BRDA:246,16,1,0
BRDA:254,17,0,0
BRDA:254,17,1,0
BRDA:262,18,0,0
BRDA:262,18,1,0
BRDA:270,19,0,0
BRDA:270,19,1,0
BRDA:280,20,0,0
BRDA:280,20,1,0
BRF:42
BRH:0
end_of_record
TN:
SF:/Users/wangxi/WebstormProjects/frontend_coin/src/store/modules/util.js
FNF:0
FNH:0
DA:1,4
DA:33,4
LF:2
LH:2
BRF:0
BRH:0
end_of_record
TN:
SF:/Users/wangxi/WebstormProjects/frontend_coin/src/utils/request.js
FN:15,(anonymous_0)
FN:22,(anonymous_1)
FNF:2
FNH:0
FNDA:0,(anonymous_0)
FNDA:0,(anonymous_1)
DA:6,4
DA:15,4
DA:16,0
DA:20,0
DA:23,0
LF:5
LH:2
BRDA:8,0,0,0
BRDA:8,0,1,4
BRF:2
BRH:1
end_of_record
TN:
SF:/Users/wangxi/WebstormProjects/frontend_coin/src/utils/validator.js
FN:1,validateEntityName
FNF:1
FNH:1
FNDA:5,validateEntityName
DA:2,5
DA:3,1
DA:7,4
DA:8,1
DA:12,3
DA:13,2
DA:14,5
DA:15,1
DA:21,1
DA:27,1
LF:10
LH:10
BRDA:2,0,0,1
BRDA:2,0,1,4
BRDA:7,1,0,1
BRDA:7,1,1,3
BRDA:12,2,0,2
BRDA:12,2,1,1
BRDA:12,3,0,3
BRDA:12,3,1,3
BRDA:14,4,0,1
BRDA:14,4,1,4
BRDA:14,5,0,5
BRDA:14,5,1,5
BRF:12
BRH:12
end_of_record
TN:
SF:/Users/wangxi/WebstormProjects/frontend_coin/src/views/graph/components/ColorPicker2.vue
FN:15,(anonymous_1)
FN:29,(anonymous_2)
FN:38,(anonymous_3)
FNF:3
FNH:2
FNDA:2,(anonymous_1)
FNDA:0,(anonymous_2)
FNDA:2,(anonymous_3)
DA:12,3
DA:16,2
DA:30,0
DA:31,0
DA:32,0
DA:39,2
LF:6
LH:3
BRF:0
BRH:0
end_of_record
TN:
SF:/Users/wangxi/WebstormProjects/frontend_coin/src/views/graph/components/DownloadGraph.vue
FN:35,(anonymous_1)
FN:78,(anonymous_2)
FN:86,(anonymous_3)
FN:89,(anonymous_4)
FN:100,(anonymous_5)
FNF:5
FNH:2
FNDA:1,(anonymous_1)
FNDA:1,(anonymous_2)
FNDA:0,(anonymous_3)
FNDA:0,(anonymous_4)
FNDA:0,(anonymous_5)
DA:19,1
DA:20,1
DA:28,1
DA:36,1
DA:79,1
DA:80,0
DA:81,0
DA:82,0
DA:83,0
DA:87,0
DA:90,0
DA:91,0
DA:92,0
DA:93,0
DA:94,0
DA:95,0
DA:96,0
DA:97,0
DA:98,0
DA:99,0
DA:100,0
DA:101,0
DA:102,0
LF:23
LH:5
BRDA:80,0,0,0
BRDA:80,0,1,0
BRDA:80,1,0,0
BRDA:80,1,1,0
BRDA:82,2,0,0
BRDA:82,2,1,0
BRF:6
BRH:0
end_of_record
TN:
SF:/Users/wangxi/WebstormProjects/frontend_coin/src/views/graph/components/EntityModal.vue
FN:54,(anonymous_1)
FN:84,(anonymous_2)
FN:87,(anonymous_3)
FN:98,(anonymous_4)
FN:121,(anonymous_5)
FN:124,(anonymous_6)
FN:137,(anonymous_7)
FNF:7
FNH:3
FNDA:2,(anonymous_1)
FNDA:0,(anonymous_2)
FNDA:0,(anonymous_3)
FNDA:1,(anonymous_4)
FNDA:0,(anonymous_5)
FNDA:0,(anonymous_6)
FNDA:2,(anonymous_7)
DA:48,2
DA:49,2
DA:50,2
DA:55,2
DA:85,0
DA:88,0
DA:89,0
DA:92,0
DA:96,0
DA:99,1
DA:100,1
DA:101,1
DA:102,1
DA:103,1
DA:104,1
DA:105,0
DA:110,0
DA:115,0
DA:117,1
DA:122,0
DA:125,0
DA:138,2
DA:139,2
DA:140,2
LF:24
LH:14
BRDA:99,0,0,1
BRDA:99,0,1,0
BRDA:104,1,0,0
BRDA:104,1,1,1
BRDA:104,2,0,1
BRDA:104,2,1,1
BRF:6
BRH:4
end_of_record
TN:
SF:/Users/wangxi/WebstormProjects/frontend_coin/src/views/graph/components/Graph.vue
FN:27,(anonymous_1)
FN:47,(anonymous_2)
FN:51,(anonymous_3)
FN:56,(anonymous_4)
FN:58,(anonymous_5)
FN:63,(anonymous_6)
FN:94,(anonymous_7)
FN:151,(anonymous_8)
FN:172,(anonymous_9)
FN:176,(anonymous_10)
FN:190,(anonymous_11)
FN:199,(anonymous_12)
FN:206,(anonymous_13)
FNF:13
FNH:3
FNDA:1,(anonymous_1)
FNDA:1,(anonymous_2)
FNDA:1,(anonymous_3)
FNDA:0,(anonymous_4)
FNDA:0,(anonymous_5)
FNDA:0,(anonymous_6)
FNDA:0,(anonymous_7)
FNDA:0,(anonymous_8)
FNDA:0,(anonymous_9)
FNDA:0,(anonymous_10)
FNDA:0,(anonymous_11)
FNDA:0,(anonymous_12)
FNDA:0,(anonymous_13)
DA:17,1
DA:18,1
DA:19,1
DA:28,1
DA:48,1
DA:52,1
DA:53,0
DA:54,0
DA:55,0
DA:56,0
DA:57,0
DA:58,0
DA:59,0
DA:63,0
DA:64,0
DA:65,0
DA:66,0
DA:67,0
DA:68,0
DA:94,0
DA:95,0
DA:99,0
DA:102,0
DA:103,0
DA:105,0
DA:152,0
DA:171,0
DA:172,0
DA:173,0
DA:175,0
DA:176,0
DA:177,0
DA:179,0
DA:191,0
DA:192,0
DA:193,0
DA:195,0
DA:196,0
DA:200,0
DA:201,0
DA:203,0
DA:204,0
DA:207,0
DA:212,0
DA:213,0
DA:214,0
DA:215,0
DA:216,0
DA:217,0
DA:218,0
DA:219,0
LF:51
LH:6
BRDA:191,0,0,0
BRDA:191,0,1,0
BRDA:200,1,0,0
BRDA:200,1,1,0
BRF:4
BRH:0
end_of_record
TN:
SF:/Users/wangxi/WebstormProjects/frontend_coin/src/views/graph/components/RelationLine.vue
FN:76,(anonymous_1)
FN:94,(anonymous_2)
FN:99,(anonymous_3)
FN:115,(anonymous_4)
FN:132,(anonymous_5)
FN:135,(anonymous_6)
FN:175,(anonymous_7)
FN:178,(anonymous_8)
FN:181,(anonymous_9)
FN:184,(anonymous_10)
FN:189,(anonymous_11)
FN:192,(anonymous_12)
FN:195,(anonymous_13)
FNF:13
FNH:2
FNDA:1,(anonymous_1)
FNDA:1,(anonymous_2)
FNDA:0,(anonymous_3)
FNDA:0,(anonymous_4)
FNDA:0,(anonymous_5)
FNDA:0,(anonymous_6)
FNDA:0,(anonymous_7)
FNDA:0,(anonymous_8)
FNDA:0,(anonymous_9)
FNDA:0,(anonymous_10)
FNDA:0,(anonymous_11)
FNDA:0,(anonymous_12)
FNDA:0,(anonymous_13)
DA:68,1
DA:69,1
DA:77,1
DA:95,1
DA:96,1
DA:100,0
DA:101,0
DA:116,0
DA:117,0
DA:123,0
DA:124,0
DA:125,0
DA:126,0
DA:127,0
DA:128,0
DA:129,0
DA:130,0
DA:133,0
DA:136,0
DA:137,0
DA:138,0
DA:139,0
DA:140,0
DA:141,0
DA:142,0
DA:145,0
DA:146,0
DA:153,0
DA:154,0
DA:157,0
DA:159,0
DA:160,0
DA:161,0
DA:163,0
DA:165,0
DA:167,0
DA:168,0
DA:171,0
DA:176,0
DA:179,0
DA:182,0
DA:185,0
DA:186,0
DA:187,0
DA:190,0
DA:193,0
DA:196,0
LF:47
LH:5
BRDA:100,0,0,0
BRDA:100,0,1,0
BRDA:140,1,0,0
BRDA:140,1,1,0
BRDA:140,2,0,0
BRDA:140,2,1,0
BRDA:153,3,0,0
BRDA:153,3,1,0
BRDA:159,4,0,0
BRDA:159,4,1,0
BRDA:167,5,0,0
BRDA:167,5,1,0
BRDA:167,6,0,0
BRDA:167,6,1,0
BRF:14
BRH:0
end_of_record
