TN:
SF:/Users/wangxi/WebstormProjects/frontend_coin/src/App.vue
FN:19,(anonymous_1)
FNF:1
FNH:1
FNDA:1,(anonymous_1)
DA:12,1
DA:20,1
LF:2
LH:2
BRF:0
BRH:0
end_of_record
TN:
SF:/Users/wangxi/WebstormProjects/frontend_coin/src/utils/validator.js
FN:1,validateEntityName
FN:34,validateEntityType
FNF:2
FNH:1
FNDA:5,validateEntityName
FNDA:0,validateEntityType
DA:2,5
DA:3,1
DA:7,4
DA:8,1
DA:12,3
DA:13,2
DA:14,5
DA:15,1
DA:21,1
DA:27,1
DA:35,0
DA:36,0
DA:40,0
DA:41,0
DA:45,0
DA:46,0
DA:52,0
LF:17
LH:10
BRDA:2,0,0,1
BRDA:2,0,1,4
BRDA:7,1,0,1
BRDA:7,1,1,3
BRDA:12,2,0,2
BRDA:12,2,1,1
BRDA:12,3,0,3
BRDA:12,3,1,3
BRDA:14,4,0,1
BRDA:14,4,1,4
BRDA:14,5,0,5
BRDA:14,5,1,5
BRDA:35,6,0,0
BRDA:35,6,1,0
BRDA:40,7,0,0
BRDA:40,7,1,0
BRDA:45,8,0,0
BRDA:45,8,1,0
BRDA:45,9,0,0
BRDA:45,9,1,0
BRF:20
BRH:12
end_of_record
